0 info it worked if it ends with ok
1 verbose cli [ '/usr/local/var/nodenv/versions/v6.2.2/bin/node',
1 verbose cli   '/usr/local/var/nodenv/versions/v6.2.2/bin/npm',
1 verbose cli   'publish' ]
2 info using npm@3.10.3
3 info using node@v6.2.2
4 verbose publish [ '.' ]
5 silly cache add args [ '.', null ]
6 verbose cache add spec .
7 silly cache add parsed spec Result {
7 silly cache add   raw: '.',
7 silly cache add   scope: null,
7 silly cache add   escapedName: null,
7 silly cache add   name: null,
7 silly cache add   rawSpec: '.',
7 silly cache add   spec: '/Users/kevin/main/code/redux-saga-test-runner',
7 silly cache add   type: 'directory' }
8 verbose addLocalDirectory /Users/kevin/.npm/redux-saga-test-runner/0.1.0/package.tgz not in flight; packing
9 verbose correctMkdir /Users/kevin/.npm correctMkdir not in flight; initializing
10 info lifecycle redux-saga-test-runner@0.1.0~prepublish: redux-saga-test-runner@0.1.0
11 silly lifecycle redux-saga-test-runner@0.1.0~prepublish: no script for prepublish, continuing
12 verbose tar pack [ '/Users/kevin/.npm/redux-saga-test-runner/0.1.0/package.tgz',
12 verbose tar pack   '/Users/kevin/main/code/redux-saga-test-runner' ]
13 verbose tarball /Users/kevin/.npm/redux-saga-test-runner/0.1.0/package.tgz
14 verbose folder /Users/kevin/main/code/redux-saga-test-runner
15 verbose addLocalTarball adding from inside cache /Users/kevin/.npm/redux-saga-test-runner/0.1.0/package.tgz
16 verbose correctMkdir /Users/kevin/.npm correctMkdir not in flight; initializing
17 silly cache afterAdd redux-saga-test-runner@0.1.0
18 verbose afterAdd /Users/kevin/.npm/redux-saga-test-runner/0.1.0/package/package.json not in flight; writing
19 verbose correctMkdir /Users/kevin/.npm correctMkdir not in flight; initializing
20 verbose afterAdd /Users/kevin/.npm/redux-saga-test-runner/0.1.0/package/package.json written
21 silly publish { name: 'redux-saga-test-runner',
21 silly publish   version: '0.1.0',
21 silly publish   description: 'Automatically test your sagas without worrying about ordering',
21 silly publish   main: 'dist/index.js',
21 silly publish   scripts:
21 silly publish    { lint: 'eslint *.js',
21 silly publish      build: 'babel src --out-dir dist',
21 silly publish      test: 'tape -r babel-register tests | tap-dot' },
21 silly publish   repository:
21 silly publish    { type: 'git',
21 silly publish      url: 'git+https://github.com/ksmithbaylor/redux-saga-test-runner.git' },
21 silly publish   keywords:
21 silly publish    [ 'tap',
21 silly publish      'tape',
21 silly publish      'scenario',
21 silly publish      'scenarios',
21 silly publish      'outline',
21 silly publish      'outlines',
21 silly publish      'cucumber',
21 silly publish      'test',
21 silly publish      'tests',
21 silly publish      'testing' ],
21 silly publish   author: { name: 'Kevin Smith' },
21 silly publish   license: 'MIT',
21 silly publish   bugs: { url: 'https://github.com/ksmithbaylor/redux-saga-test-runner/issues' },
21 silly publish   homepage: 'https://github.com/ksmithbaylor/redux-saga-test-runner#readme',
21 silly publish   devDependencies:
21 silly publish    { 'babel-cli': '^6.11.4',
21 silly publish      'babel-eslint': '^6.1.2',
21 silly publish      'babel-preset-es2015': '^6.9.0',
21 silly publish      'babel-preset-stage-1': '^6.5.0',
21 silly publish      'babel-register': '^6.11.6',
21 silly publish      eslint: '^3.2.0',
21 silly publish      'eslint-config-airbnb': '^9.0.1',
21 silly publish      'tap-dot': '^1.0.5',
21 silly publish      tape: '^4.6.0' },
21 silly publish   dependencies: { 'babel-polyfill': '^6.9.1', 'deep-equal': '^1.0.1' },
21 silly publish   readme: '[![npm version](https://badge.fury.io/js/redux-saga-test-runner.svg)](https://badge.fury.io/js/redux-saga-test-runner)\n[![npm](https://img.shields.io/npm/dm/redux-saga-test-runner.svg?maxAge=2592000)]()\n[![Build Status](https://travis-ci.org/ksmithbaylor/redux-saga-test-runner.svg?branch=master)](https://travis-ci.org/ksmithbaylor/redux-saga-test-runner)\n[![Dependency Status](https://david-dm.org/ksmithbaylor/redux-saga-test-runner.svg)](https://david-dm.org/ksmithbaylor/redux-saga-test-runner)\n[![devDependency Status](https://david-dm.org/ksmithbaylor/redux-saga-test-runner/dev-status.svg)](https://david-dm.org/ksmithbaylor/redux-saga-test-runner#info=devDependencies)\n\n# redux-saga-test-runner\n\nOn my team at work, we found that while redux-saga makes testing very nice, our\ntests were still very coupled to the implementation. If we changed the order of\nany of the steps in our sagas, our tests would fail unnecessarily. This allows\nthe tests to be written in a generic way so the saga\'s behavior is tested, not\nthe exact implementation.\n\n## Installation\n\n```\nnpm install --save-dev redux-saga-test-runner\n```\n\n## Examples\n\n`// TODO`\n\n## API\n\n`// TODO`\n\n## Contributing\n\nFor suggestions, bug reports, or contributions, please open an issue or pull\nrequest on the project on GitHub! Feedback is very welcome.\n',
21 silly publish   readmeFilename: 'README.md',
21 silly publish   _id: 'redux-saga-test-runner@0.1.0',
21 silly publish   _shasum: '2bb7db82b91fb91f3ed239da480a9ff5e54db9fe',
21 silly publish   _from: '.' }
22 verbose getPublishConfig undefined
23 silly mapToRegistry name redux-saga-test-runner
24 silly mapToRegistry using default registry
25 silly mapToRegistry registry https://registry.npmjs.org/
26 silly mapToRegistry data Result {
26 silly mapToRegistry   raw: 'redux-saga-test-runner',
26 silly mapToRegistry   scope: null,
26 silly mapToRegistry   escapedName: 'redux-saga-test-runner',
26 silly mapToRegistry   name: 'redux-saga-test-runner',
26 silly mapToRegistry   rawSpec: '',
26 silly mapToRegistry   spec: 'latest',
26 silly mapToRegistry   type: 'tag' }
27 silly mapToRegistry uri https://registry.npmjs.org/redux-saga-test-runner
28 verbose publish registryBase https://registry.npmjs.org/
29 silly publish uploading /Users/kevin/.npm/redux-saga-test-runner/0.1.0/package.tgz
30 verbose request uri https://registry.npmjs.org/redux-saga-test-runner
31 verbose request sending authorization for write operation
32 info attempt registry request try #1 at 8:48:12 AM
33 verbose request using bearer token for auth
34 verbose request id ba5d476319ad1254
35 http request PUT https://registry.npmjs.org/redux-saga-test-runner
36 http 500 https://registry.npmjs.org/redux-saga-test-runner
37 verbose headers { 'content-type': 'application/json',
37 verbose headers   'cache-control': 'max-age=0',
37 verbose headers   'content-length': '67',
37 verbose headers   'accept-ranges': 'bytes',
37 verbose headers   date: 'Mon, 01 Aug 2016 12:48:15 GMT',
37 verbose headers   via: '1.1 varnish',
37 verbose headers   connection: 'keep-alive',
37 verbose headers   'x-served-by': 'cache-atl6245-ATL',
37 verbose headers   'x-cache': 'MISS',
37 verbose headers   'x-cache-hits': '0',
37 verbose headers   'x-timer': 'S1470055692.969627,VS0,VE2567' }
38 info retry will retry, error on last attempt: Error: "redux-saga-test-runner status = 403" : redux-saga-test-runner
39 info attempt registry request try #2 at 8:48:25 AM
40 verbose request using bearer token for auth
41 http request PUT https://registry.npmjs.org/redux-saga-test-runner
42 http 403 https://registry.npmjs.org/redux-saga-test-runner
43 verbose headers { 'content-type': 'application/json',
43 verbose headers   'cache-control': 'max-age=300',
43 verbose headers   'content-length': '95',
43 verbose headers   'accept-ranges': 'bytes',
43 verbose headers   date: 'Mon, 01 Aug 2016 12:48:26 GMT',
43 verbose headers   via: '1.1 varnish',
43 verbose headers   connection: 'keep-alive',
43 verbose headers   'x-served-by': 'cache-atl6245-ATL',
43 verbose headers   'x-cache': 'MISS',
43 verbose headers   'x-cache-hits': '0',
43 verbose headers   'x-timer': 'S1470055705.569371,VS0,VE753',
43 verbose headers   vary: 'Accept-Encoding' }
44 verbose request invalidating /Users/kevin/.npm/registry.npmjs.org/redux-saga-test-runner on PUT
45 error publish Failed PUT 403
46 verbose stack Error: "You cannot publish over the previously published version 0.1.0." : redux-saga-test-runner
46 verbose stack     at makeError (/usr/local/var/nodenv/versions/v6.2.2/lib/node_modules/npm/node_modules/npm-registry-client/lib/request.js:264:12)
46 verbose stack     at CachingRegistryClient.<anonymous> (/usr/local/var/nodenv/versions/v6.2.2/lib/node_modules/npm/node_modules/npm-registry-client/lib/request.js:252:14)
46 verbose stack     at Request._callback (/usr/local/var/nodenv/versions/v6.2.2/lib/node_modules/npm/node_modules/npm-registry-client/lib/request.js:172:14)
46 verbose stack     at Request.self.callback (/usr/local/var/nodenv/versions/v6.2.2/lib/node_modules/npm/node_modules/request/request.js:200:22)
46 verbose stack     at emitTwo (events.js:106:13)
46 verbose stack     at Request.emit (events.js:191:7)
46 verbose stack     at Request.<anonymous> (/usr/local/var/nodenv/versions/v6.2.2/lib/node_modules/npm/node_modules/request/request.js:1067:10)
46 verbose stack     at emitOne (events.js:101:20)
46 verbose stack     at Request.emit (events.js:188:7)
46 verbose stack     at IncomingMessage.<anonymous> (/usr/local/var/nodenv/versions/v6.2.2/lib/node_modules/npm/node_modules/request/request.js:988:12)
47 verbose statusCode 403
48 verbose pkgid redux-saga-test-runner
49 verbose cwd /Users/kevin/main/code/redux-saga-test-runner
50 error Darwin 15.5.0
51 error argv "/usr/local/var/nodenv/versions/v6.2.2/bin/node" "/usr/local/var/nodenv/versions/v6.2.2/bin/npm" "publish"
52 error node v6.2.2
53 error npm  v3.10.3
54 error code E403
55 error "You cannot publish over the previously published version 0.1.0." : redux-saga-test-runner
56 error If you need help, you may report this error at:
56 error     <https://github.com/npm/npm/issues>
57 verbose exit [ 1, true ]
